<?xml version="1.0" encoding="UTF-8"?>
<!-- Generated by org.testng.reporters.JUnitXMLReporter -->
<testsuite ignored="0" hostname="LAPTOP-4BBOCDQ9" failures="1" tests="1" name="Test2" time="11.403" errors="0" timestamp="2021-03-22T14:43:54 IST">
  <testcase classname="academy.Assertvalidation" name="validateMessage" time="7.771">
    <failure type="java.lang.AssertionError" message="expected:&amp;lt;FEATURED COURSES&amp;gt; but was:&amp;lt;FEATURED COURSES123&amp;gt;">
      <![CDATA[java.lang.AssertionError: expected:<FEATURED COURSES> but was:<FEATURED COURSES123>
at academy.Assertvalidation.validateMessage(Assertvalidation.java:37)
at java.base/java.util.ArrayList.forEach(Unknown Source)
... Removed 29 stack frames]]>
    </failure>
  </testcase> <!-- validateMessage -->
</testsuite> <!-- Test2 -->
