-------------------------------------------------------------------------------
Test set: TestSuite
-------------------------------------------------------------------------------
Tests run: 4, Failures: 1, Errors: 0, Skipped: 0, Time elapsed: 32.659 s <<< FAILURE! - in TestSuite
validateMessage(academy.Assertvalidation)  Time elapsed: 5.361 s  <<< FAILURE!
java.lang.AssertionError: expected:<FEATURED COURSES> but was:<FEATURED COURSES123>
	at academy.Assertvalidation.validateMessage(Assertvalidation.java:37)

